2024-07-13 17:03:09 [INFO] com.vdq.autogpm.MainApp start Application started
2024-07-13 17:03:17 [INFO] com.vdq.autogpm.controller.MainController lambda$selectDropdown$14 Profile ID 11
2024-07-13 17:03:31 [INFO] com.vdq.autogpm.automation.ProfileTask call Bắt đầu khởi chạy profileAir02: alikunhan1@gmail.com
2024-07-13 17:03:31 [INFO] com.vdq.autogpm.automation.ProfileTask call Bắt đầu khởi chạy profileAir01: alicucanh123@gmail.com
2024-07-13 17:03:31 [INFO] com.vdq.autogpm.service.ProfileService$2 onResponse Opened profile: 2f9c271d-c50a-4253-a547-00df1ef64632
2024-07-13 17:03:31 [INFO] com.vdq.autogpm.automation.ProfileTask call Running current port: 127.0.0.1:55845
2024-07-13 17:03:31 [INFO] com.vdq.autogpm.automation.ProfileTask call Running current Debugging: F:\GPMLogin\GPMLogin\gpm_browser\gpm_browser_chromium_core_124\gpmdriver.exe
2024-07-13 17:03:31 [INFO] com.vdq.autogpm.service.ProfileService$2 onResponse Opened profile: 4b61dd26-9b69-4eda-bb63-a9e42bdfff48
2024-07-13 17:03:31 [INFO] com.vdq.autogpm.automation.ProfileTask call Running current port: 127.0.0.1:55847
2024-07-13 17:03:31 [INFO] com.vdq.autogpm.automation.ProfileTask call Running current Debugging: F:\GPMLogin\GPMLogin\gpm_browser\gpm_browser_chromium_core_124\gpmdriver.exe
2024-07-13 17:05:31 [INFO] com.vdq.autogpm.controller.MainController lambda$nurtureProfile$10 All profiles have been processed.
2024-07-13 17:07:17 [INFO] com.vdq.autogpm.controller.MainController lambda$selectDropdown$14 Profile ID 10
2024-07-13 17:07:22 [INFO] com.vdq.autogpm.controller.MainController lambda$selectDropdown$14 Profile ID 8
2024-07-13 17:07:24 [INFO] com.vdq.autogpm.controller.MainController lambda$selectDropdown$14 Profile ID 2
2024-07-16 14:24:17 [INFO] com.vdq.autogpm.MainApp start Application started
2024-07-16 14:24:25 [INFO] com.vdq.autogpm.controller.MainController lambda$selectDropdown$14 Profile ID 8
2024-07-16 14:24:28 [INFO] com.vdq.autogpm.controller.MainController lambda$selectDropdown$14 Profile ID 4
2024-07-16 14:30:29 [INFO] com.vdq.autogpm.controller.MainController lambda$selectDropdown$14 Profile ID 11
2024-07-16 14:30:50 [INFO] com.vdq.autogpm.automation.ProfileTask call Bắt đầu khởi chạy profileAir01: alicucanh123@gmail.com
2024-07-16 14:30:50 [INFO] com.vdq.autogpm.automation.ProfileTask call Bắt đầu khởi chạy profileAir02: alikunhan1@gmail.com
2024-07-16 14:30:50 [INFO] com.vdq.autogpm.service.ProfileService$2 onResponse Opened profile: 2f9c271d-c50a-4253-a547-00df1ef64632
2024-07-16 14:30:50 [INFO] com.vdq.autogpm.automation.ProfileTask call Running current port: 127.0.0.1:55514
2024-07-16 14:30:50 [INFO] com.vdq.autogpm.automation.ProfileTask call Running current Debugging: F:\GPMLogin\GPMLogin\gpm_browser\gpm_browser_chromium_core_124\gpmdriver.exe
2024-07-16 14:30:50 [INFO] com.vdq.autogpm.service.ProfileService$2 onResponse Opened profile: 4b61dd26-9b69-4eda-bb63-a9e42bdfff48
2024-07-16 14:30:50 [INFO] com.vdq.autogpm.automation.ProfileTask call Running current port: 127.0.0.1:55516
2024-07-16 14:30:50 [INFO] com.vdq.autogpm.automation.ProfileTask call Running current Debugging: F:\GPMLogin\GPMLogin\gpm_browser\gpm_browser_chromium_core_124\gpmdriver.exe
2024-07-16 14:33:05 [INFO] com.vdq.autogpm.controller.MainController lambda$nurtureProfile$10 All profiles have been processed.
2024-07-16 14:57:39 [INFO] com.vdq.autogpm.MainApp start Application started
2024-07-16 14:57:59 [INFO] com.vdq.autogpm.MainApp start Application started
2024-07-16 14:58:06 [INFO] com.vdq.autogpm.MainApp start Application started
2024-07-16 14:58:21 [INFO] com.vdq.autogpm.controller.MainController lambda$selectDropdown$14 Profile ID 11
2024-07-16 14:58:26 [INFO] com.vdq.autogpm.automation.ProfileTask call Bắt đầu khởi chạy profileAir02: alikunhan1@gmail.com
2024-07-16 14:58:26 [INFO] com.vdq.autogpm.automation.ProfileTask call Bắt đầu khởi chạy profileAir01: alicucanh123@gmail.com
2024-07-16 14:58:27 [INFO] com.vdq.autogpm.service.ProfileService$2 onResponse Opened profile: 2f9c271d-c50a-4253-a547-00df1ef64632
2024-07-16 14:58:27 [INFO] com.vdq.autogpm.automation.ProfileTask call Running current port: 127.0.0.1:56168
2024-07-16 14:58:27 [INFO] com.vdq.autogpm.automation.ProfileTask call Running current Debugging: F:\GPMLogin\GPMLogin\gpm_browser\gpm_browser_chromium_core_124\gpmdriver.exe
2024-07-16 14:58:32 [INFO] com.vdq.autogpm.service.ProfileService$2 onResponse Opened profile: 4b61dd26-9b69-4eda-bb63-a9e42bdfff48
2024-07-16 14:58:32 [INFO] com.vdq.autogpm.automation.ProfileTask call Running current port: 127.0.0.1:56170
2024-07-16 14:58:32 [INFO] com.vdq.autogpm.automation.ProfileTask call Running current Debugging: F:\GPMLogin\GPMLogin\gpm_browser\gpm_browser_chromium_core_124\gpmdriver.exe
2024-07-16 14:59:38 [INFO] com.vdq.autogpm.controller.MainController lambda$nurtureProfile$10 All profiles have been processed.
2024-07-16 14:57:39 [INFO] com.vdq.autogpm.MainApp start Application started
2024-07-16 14:57:59 [INFO] com.vdq.autogpm.MainApp start Application started
2024-07-16 14:58:06 [INFO] com.vdq.autogpm.MainApp start Application started
2024-07-16 14:58:21 [INFO] com.vdq.autogpm.controller.MainController lambda$selectDropdown$14 Profile ID 11
2024-07-16 14:58:26 [INFO] com.vdq.autogpm.automation.ProfileTask call Bắt đầu khởi chạy profileAir02: alikunhan1@gmail.com
2024-07-16 14:58:26 [INFO] com.vdq.autogpm.automation.ProfileTask call Bắt đầu khởi chạy profileAir01: alicucanh123@gmail.com
2024-07-16 14:58:27 [INFO] com.vdq.autogpm.service.ProfileService$2 onResponse Opened profile: 2f9c271d-c50a-4253-a547-00df1ef64632
2024-07-16 14:58:27 [INFO] com.vdq.autogpm.automation.ProfileTask call Running current port: 127.0.0.1:56168
2024-07-16 14:58:27 [INFO] com.vdq.autogpm.automation.ProfileTask call Running current Debugging: F:\GPMLogin\GPMLogin\gpm_browser\gpm_browser_chromium_core_124\gpmdriver.exe
2024-07-16 14:58:32 [INFO] com.vdq.autogpm.service.ProfileService$2 onResponse Opened profile: 4b61dd26-9b69-4eda-bb63-a9e42bdfff48
2024-07-16 14:58:32 [INFO] com.vdq.autogpm.automation.ProfileTask call Running current port: 127.0.0.1:56170
2024-07-16 14:58:32 [INFO] com.vdq.autogpm.automation.ProfileTask call Running current Debugging: F:\GPMLogin\GPMLogin\gpm_browser\gpm_browser_chromium_core_124\gpmdriver.exe
2024-07-16 14:59:38 [INFO] com.vdq.autogpm.controller.MainController lambda$nurtureProfile$10 All profiles have been processed.
2024-07-16 14:59:55 [INFO] com.vdq.autogpm.MainApp start Application started
2024-07-16 15:00:01 [INFO] com.vdq.autogpm.controller.MainController lambda$selectDropdown$14 Profile ID 11
2024-07-16 15:00:16 [INFO] com.vdq.autogpm.automation.ProfileTask call Bắt đầu khởi chạy profileAir02: alikunhan1@gmail.com
2024-07-16 15:00:16 [INFO] com.vdq.autogpm.automation.ProfileTask call Bắt đầu khởi chạy profileAir01: alicucanh123@gmail.com
2024-07-16 15:00:16 [INFO] com.vdq.autogpm.service.ProfileService$2 onResponse Opened profile: 4b61dd26-9b69-4eda-bb63-a9e42bdfff48
2024-07-16 15:00:16 [INFO] com.vdq.autogpm.automation.ProfileTask call Running current port: 127.0.0.1:56368
2024-07-16 15:00:16 [INFO] com.vdq.autogpm.automation.ProfileTask call Running current Debugging: F:\GPMLogin\GPMLogin\gpm_browser\gpm_browser_chromium_core_124\gpmdriver.exe
2024-07-16 15:00:17 [INFO] com.vdq.autogpm.service.ProfileService$2 onResponse Opened profile: 2f9c271d-c50a-4253-a547-00df1ef64632
2024-07-16 15:00:17 [INFO] com.vdq.autogpm.automation.ProfileTask call Running current port: 127.0.0.1:56370
2024-07-16 15:00:17 [INFO] com.vdq.autogpm.automation.ProfileTask call Running current Debugging: F:\GPMLogin\GPMLogin\gpm_browser\gpm_browser_chromium_core_124\gpmdriver.exe
2024-07-16 15:02:58 [INFO] com.vdq.autogpm.util.WaitUtils waitForClickability Element not clickable within the timeout period: By.xpath: //div[@class='w-full']//button[@type='button' and contains(text(),'Preview')]
2024-07-16 15:03:45 [INFO] com.vdq.autogpm.controller.MainController lambda$nurtureProfile$10 All profiles have been processed.
2024-07-16 15:10:25 [INFO] com.vdq.autogpm.MainApp start Application started
2024-07-16 15:10:32 [INFO] com.vdq.autogpm.controller.MainController lambda$selectDropdown$14 Profile ID 11
2024-07-16 15:10:59 [INFO] com.vdq.autogpm.automation.ProfileTask call Bắt đầu khởi chạy profileAir02: alikunhan1@gmail.com
2024-07-16 15:10:59 [INFO] com.vdq.autogpm.automation.ProfileTask call Bắt đầu khởi chạy profileAir01: alicucanh123@gmail.com
2024-07-16 15:10:59 [INFO] com.vdq.autogpm.service.ProfileService$2 onResponse Opened profile: 2f9c271d-c50a-4253-a547-00df1ef64632
2024-07-16 15:10:59 [INFO] com.vdq.autogpm.automation.ProfileTask call Air01: alicucanh123@gmail.com Running current port: 127.0.0.1:56685
2024-07-16 15:10:59 [INFO] com.vdq.autogpm.automation.ProfileTask call Running current Debugging: F:\GPMLogin\GPMLogin\gpm_browser\gpm_browser_chromium_core_124\gpmdriver.exe
2024-07-16 15:11:01 [INFO] com.vdq.autogpm.service.ProfileService$2 onResponse Opened profile: 4b61dd26-9b69-4eda-bb63-a9e42bdfff48
2024-07-16 15:11:01 [INFO] com.vdq.autogpm.automation.ProfileTask call Air02: alikunhan1@gmail.com Running current port: 127.0.0.1:56687
2024-07-16 15:11:01 [INFO] com.vdq.autogpm.automation.ProfileTask call Running current Debugging: F:\GPMLogin\GPMLogin\gpm_browser\gpm_browser_chromium_core_124\gpmdriver.exe
2024-07-16 15:11:24 [INFO] com.vdq.autogpm.controller.MainController lambda$nurtureProfile$10 All profiles have been processed.
2024-07-16 15:11:56 [INFO] com.vdq.autogpm.MainApp start Application started
2024-07-16 15:12:03 [INFO] com.vdq.autogpm.controller.MainController lambda$selectDropdown$14 Profile ID 11
2024-07-16 15:12:10 [INFO] com.vdq.autogpm.automation.ProfileTask call Bắt đầu khởi chạy profileAir01: alicucanh123@gmail.com
2024-07-16 15:12:10 [INFO] com.vdq.autogpm.automation.ProfileTask call Bắt đầu khởi chạy profileAir02: alikunhan1@gmail.com
2024-07-16 15:12:11 [INFO] com.vdq.autogpm.service.ProfileService$2 onResponse Opened profile: 4b61dd26-9b69-4eda-bb63-a9e42bdfff48
2024-07-16 15:12:11 [INFO] com.vdq.autogpm.automation.ProfileTask call Air02: alikunhan1@gmail.com Running current port: 127.0.0.1:56789
2024-07-16 15:12:11 [INFO] com.vdq.autogpm.automation.ProfileTask call Running current Debugging: F:\GPMLogin\GPMLogin\gpm_browser\gpm_browser_chromium_core_124\gpmdriver.exe
2024-07-16 15:12:12 [INFO] com.vdq.autogpm.service.ProfileService$2 onResponse Opened profile: 2f9c271d-c50a-4253-a547-00df1ef64632
2024-07-16 15:12:12 [INFO] com.vdq.autogpm.automation.ProfileTask call Air01: alicucanh123@gmail.com Running current port: 127.0.0.1:56791
2024-07-16 15:12:12 [INFO] com.vdq.autogpm.automation.ProfileTask call Running current Debugging: F:\GPMLogin\GPMLogin\gpm_browser\gpm_browser_chromium_core_124\gpmdriver.exe
2024-07-16 15:22:28 [INFO] com.vdq.autogpm.controller.MainController lambda$nurtureProfile$10 All profiles have been processed.
2024-07-16 15:25:57 [INFO] com.vdq.autogpm.MainApp start Application started
2024-07-16 15:26:14 [INFO] com.vdq.autogpm.controller.MainController lambda$selectDropdown$14 Profile ID 11
2024-07-16 15:26:27 [INFO] com.vdq.autogpm.automation.ProfileTask call Bắt đầu khởi chạy profileAir02: alikunhan1@gmail.com
2024-07-16 15:26:27 [INFO] com.vdq.autogpm.automation.ProfileTask call Bắt đầu khởi chạy profileAir01: alicucanh123@gmail.com
2024-07-16 15:26:29 [INFO] com.vdq.autogpm.service.ProfileService$2 onResponse Opened profile: 4b61dd26-9b69-4eda-bb63-a9e42bdfff48
2024-07-16 15:26:29 [INFO] com.vdq.autogpm.automation.ProfileTask call Air02: alikunhan1@gmail.com Running current port: 127.0.0.1:57129
2024-07-16 15:26:29 [INFO] com.vdq.autogpm.automation.ProfileTask call Running current Debugging: F:\GPMLogin\GPMLogin\gpm_browser\gpm_browser_chromium_core_124\gpmdriver.exe
2024-07-16 15:26:29 [INFO] com.vdq.autogpm.service.ProfileService$2 onResponse Opened profile: 2f9c271d-c50a-4253-a547-00df1ef64632
2024-07-16 15:26:29 [INFO] com.vdq.autogpm.automation.ProfileTask call Air01: alicucanh123@gmail.com Running current port: 127.0.0.1:57131
2024-07-16 15:26:29 [INFO] com.vdq.autogpm.automation.ProfileTask call Running current Debugging: F:\GPMLogin\GPMLogin\gpm_browser\gpm_browser_chromium_core_124\gpmdriver.exe
2024-07-16 15:36:43 [INFO] com.vdq.autogpm.controller.MainController lambda$nurtureProfile$10 All profiles have been processed.
2024-07-17 12:29:26 [INFO] com.vdq.autogpm.MainApp start Application started
2024-07-17 12:29:29 [INFO] com.vdq.autogpm.controller.ProfileController$1 onFailure Vui lòng bật GPM
2024-07-17 12:29:29 [INFO] com.vdq.autogpm.controller.ProfileController$3 onFailure Vui lòng bật GPM
2024-07-17 12:30:04 [INFO] com.vdq.autogpm.controller.MainController lambda$selectDropdown$14 Profile ID 8
2024-07-17 12:30:06 [INFO] com.vdq.autogpm.controller.MainController lambda$selectDropdown$14 Profile ID 10
2024-07-17 12:30:08 [INFO] com.vdq.autogpm.controller.MainController lambda$selectDropdown$14 Profile ID 11
2024-07-17 12:30:15 [INFO] com.vdq.autogpm.automation.ProfileTask call Bắt đầu khởi chạy profileAir02: alikunhan1@gmail.com
2024-07-17 12:30:15 [INFO] com.vdq.autogpm.automation.ProfileTask call Bắt đầu khởi chạy profileAir01: alicucanh123@gmail.com
2024-07-17 12:30:16 [INFO] com.vdq.autogpm.service.ProfileService$2 onResponse Opened profile: 2f9c271d-c50a-4253-a547-00df1ef64632
2024-07-17 12:30:16 [INFO] com.vdq.autogpm.automation.ProfileTask call Air01: alicucanh123@gmail.com Running current port: 127.0.0.1:62552
2024-07-17 12:30:16 [INFO] com.vdq.autogpm.automation.ProfileTask call Running current Debugging: F:\GPMLogin\GPMLogin\gpm_browser\gpm_browser_chromium_core_124\gpmdriver.exe
2024-07-17 12:30:22 [INFO] com.vdq.autogpm.service.ProfileService$2 onResponse Opened profile: 4b61dd26-9b69-4eda-bb63-a9e42bdfff48
2024-07-17 12:30:22 [INFO] com.vdq.autogpm.automation.ProfileTask call Air02: alikunhan1@gmail.com Running current port: 127.0.0.1:62554
2024-07-17 12:30:22 [INFO] com.vdq.autogpm.automation.ProfileTask call Running current Debugging: F:\GPMLogin\GPMLogin\gpm_browser\gpm_browser_chromium_core_124\gpmdriver.exe
2024-07-17 12:31:28 [INFO] com.vdq.autogpm.controller.MainController lambda$nurtureProfile$10 All profiles have been processed.
2024-07-17 12:31:51 [INFO] com.vdq.autogpm.MainApp start Application started
2024-07-17 12:31:57 [INFO] com.vdq.autogpm.controller.MainController lambda$selectDropdown$14 Profile ID 8
2024-07-17 12:32:02 [INFO] com.vdq.autogpm.controller.MainController lambda$selectDropdown$14 Profile ID 10
2024-07-17 12:32:03 [INFO] com.vdq.autogpm.controller.MainController lambda$selectDropdown$14 Profile ID 11
2024-07-17 12:32:12 [INFO] com.vdq.autogpm.automation.ProfileTask call Bắt đầu khởi chạy profileAir01: alicucanh123@gmail.com
2024-07-17 12:32:13 [INFO] com.vdq.autogpm.service.ProfileService$2 onResponse Opened profile: 2f9c271d-c50a-4253-a547-00df1ef64632
2024-07-17 12:32:13 [INFO] com.vdq.autogpm.automation.ProfileTask call Air01: alicucanh123@gmail.com Running current port: 127.0.0.1:62744
2024-07-17 12:32:13 [INFO] com.vdq.autogpm.automation.ProfileTask call Running current Debugging: F:\GPMLogin\GPMLogin\gpm_browser\gpm_browser_chromium_core_124\gpmdriver.exe
2024-07-17 12:32:32 [INFO] com.vdq.autogpm.MainApp start Application started
2024-07-17 12:32:43 [INFO] com.vdq.autogpm.controller.MainController lambda$selectDropdown$14 Profile ID 11
2024-07-17 12:32:49 [INFO] com.vdq.autogpm.automation.ProfileTask call Bắt đầu khởi chạy profileAir01: alicucanh123@gmail.com
2024-07-17 12:32:49 [INFO] com.vdq.autogpm.service.ProfileService$2 onResponse Opened profile: 2f9c271d-c50a-4253-a547-00df1ef64632
2024-07-17 12:32:49 [INFO] com.vdq.autogpm.automation.ProfileTask call Air01: alicucanh123@gmail.com Running current port: 127.0.0.1:62773
2024-07-17 12:32:49 [INFO] com.vdq.autogpm.automation.ProfileTask call Running current Debugging: F:\GPMLogin\GPMLogin\gpm_browser\gpm_browser_chromium_core_124\gpmdriver.exe
2024-07-17 12:34:01 [INFO] com.vdq.autogpm.controller.MainController lambda$nurtureProfile$10 All profiles have been processed.
2024-07-17 12:55:46 [INFO] com.vdq.autogpm.MainApp start Application started
2024-07-17 12:55:54 [INFO] com.vdq.autogpm.controller.MainController lambda$selectDropdown$14 Profile ID 11
2024-07-17 12:56:15 [INFO] com.vdq.autogpm.automation.ProfileTask call Bắt đầu khởi chạy profileAir01: alicucanh123@gmail.com
2024-07-17 12:56:20 [INFO] com.vdq.autogpm.service.ProfileService$2 onResponse Opened profile: 2f9c271d-c50a-4253-a547-00df1ef64632
2024-07-17 12:56:20 [INFO] com.vdq.autogpm.automation.ProfileTask call Air01: alicucanh123@gmail.com Running current port: 127.0.0.1:63058
2024-07-17 12:56:20 [INFO] com.vdq.autogpm.automation.ProfileTask call Running current Debugging: F:\GPMLogin\GPMLogin\gpm_browser\gpm_browser_chromium_core_124\gpmdriver.exe
2024-07-17 12:58:12 [INFO] com.vdq.autogpm.controller.MainController lambda$nurtureProfile$10 All profiles have been processed.
2024-07-17 12:58:24 [INFO] com.vdq.autogpm.MainApp start Application started
2024-07-17 12:58:45 [INFO] com.vdq.autogpm.controller.MainController lambda$selectDropdown$14 Profile ID 11
2024-07-17 12:58:47 [INFO] com.vdq.autogpm.automation.ProfileTask call Bắt đầu khởi chạy profileAir01: alicucanh123@gmail.com
2024-07-17 12:58:48 [INFO] com.vdq.autogpm.service.ProfileService$2 onResponse Opened profile: 2f9c271d-c50a-4253-a547-00df1ef64632
2024-07-17 12:58:48 [INFO] com.vdq.autogpm.automation.ProfileTask call Air01: alicucanh123@gmail.com Running current port: 127.0.0.1:63163
2024-07-17 12:58:48 [INFO] com.vdq.autogpm.automation.ProfileTask call Running current Debugging: F:\GPMLogin\GPMLogin\gpm_browser\gpm_browser_chromium_core_124\gpmdriver.exe
2024-07-17 12:59:40 [INFO] com.vdq.autogpm.controller.MainController lambda$nurtureProfile$10 All profiles have been processed.
2024-07-17 12:59:55 [INFO] com.vdq.autogpm.MainApp start Application started
2024-07-17 13:00:02 [INFO] com.vdq.autogpm.controller.MainController lambda$selectDropdown$14 Profile ID 11
2024-07-17 13:00:05 [INFO] com.vdq.autogpm.automation.ProfileTask call Bắt đầu khởi chạy profileAir01: alicucanh123@gmail.com
2024-07-17 13:00:06 [INFO] com.vdq.autogpm.service.ProfileService$2 onResponse Opened profile: 2f9c271d-c50a-4253-a547-00df1ef64632
2024-07-17 13:00:06 [INFO] com.vdq.autogpm.automation.ProfileTask call Air01: alicucanh123@gmail.com Running current port: 127.0.0.1:63230
2024-07-17 13:00:06 [INFO] com.vdq.autogpm.automation.ProfileTask call Running current Debugging: F:\GPMLogin\GPMLogin\gpm_browser\gpm_browser_chromium_core_124\gpmdriver.exe
2024-07-17 13:01:15 [INFO] com.vdq.autogpm.controller.MainController lambda$nurtureProfile$10 All profiles have been processed.
2024-07-17 13:01:36 [INFO] com.vdq.autogpm.MainApp start Application started
2024-07-17 13:01:45 [INFO] com.vdq.autogpm.controller.MainController lambda$selectDropdown$14 Profile ID 11
2024-07-17 13:01:47 [INFO] com.vdq.autogpm.automation.ProfileTask call Bắt đầu khởi chạy profileAir01: alicucanh123@gmail.com
2024-07-17 13:01:47 [INFO] com.vdq.autogpm.service.ProfileService$2 onResponse Opened profile: 2f9c271d-c50a-4253-a547-00df1ef64632
2024-07-17 13:01:47 [INFO] com.vdq.autogpm.automation.ProfileTask call Air01: alicucanh123@gmail.com Running current port: 127.0.0.1:63315
2024-07-17 13:01:47 [INFO] com.vdq.autogpm.automation.ProfileTask call Running current Debugging: F:\GPMLogin\GPMLogin\gpm_browser\gpm_browser_chromium_core_124\gpmdriver.exe
2024-07-17 13:03:06 [INFO] com.vdq.autogpm.controller.MainController lambda$nurtureProfile$10 All profiles have been processed.
2024-07-17 13:03:30 [INFO] com.vdq.autogpm.MainApp start Application started
2024-07-17 13:03:38 [INFO] com.vdq.autogpm.controller.MainController lambda$selectDropdown$14 Profile ID 11
2024-07-17 13:05:33 [INFO] com.vdq.autogpm.automation.ProfileTask call Bắt đầu khởi chạy profileAir01: alicucanh123@gmail.com
2024-07-17 13:05:34 [INFO] com.vdq.autogpm.service.ProfileService$2 onResponse Opened profile: 2f9c271d-c50a-4253-a547-00df1ef64632
2024-07-17 13:05:34 [INFO] com.vdq.autogpm.automation.ProfileTask call Air01: alicucanh123@gmail.com Running current port: 127.0.0.1:63410
2024-07-17 13:05:34 [INFO] com.vdq.autogpm.automation.ProfileTask call Running current Debugging: F:\GPMLogin\GPMLogin\gpm_browser\gpm_browser_chromium_core_124\gpmdriver.exe
2024-07-17 13:07:00 [INFO] com.vdq.autogpm.controller.MainController lambda$nurtureProfile$10 All profiles have been processed.
2024-07-17 14:18:30 [INFO] com.vdq.autogpm.MainApp start Application started
2024-07-17 14:18:37 [INFO] com.vdq.autogpm.controller.MainController lambda$selectDropdown$14 Profile ID 11
2024-07-17 14:21:06 [INFO] com.vdq.autogpm.automation.ProfileTask call Bắt đầu khởi chạy profileAir01: alicucanh123@gmail.com
2024-07-17 14:21:16 [INFO] com.vdq.autogpm.service.ProfileService$2 onResponse Opened profile: 2f9c271d-c50a-4253-a547-00df1ef64632
2024-07-17 14:21:16 [INFO] com.vdq.autogpm.automation.ProfileTask call Air01: alicucanh123@gmail.com Running current port: 127.0.0.1:64223
2024-07-17 14:21:16 [INFO] com.vdq.autogpm.automation.ProfileTask call Running current Debugging: F:\GPMLogin\GPMLogin\gpm_browser\gpm_browser_chromium_core_124\gpmdriver.exe
2024-07-17 14:22:18 [INFO] com.vdq.autogpm.controller.MainController lambda$nurtureProfile$10 All profiles have been processed.
2024-07-17 14:35:43 [INFO] com.vdq.autogpm.MainApp start Application started
2024-07-17 14:36:01 [INFO] com.vdq.autogpm.MainApp start Application started
2024-07-17 14:36:07 [INFO] com.vdq.autogpm.MainApp start Application started
2024-07-17 14:37:23 [INFO] com.vdq.autogpm.controller.MainController lambda$selectDropdown$14 Profile ID 8
2024-07-17 14:37:25 [INFO] com.vdq.autogpm.controller.MainController lambda$selectDropdown$14 Profile ID 11
2024-07-17 14:40:00 [INFO] com.vdq.autogpm.automation.ProfileTask call Bắt đầu khởi chạy profileAir01: alicucanh123@gmail.com
2024-07-17 14:40:00 [INFO] com.vdq.autogpm.controller.MainController lambda$nurtureProfile$10 All profiles have been processed.
2024-07-17 14:40:14 [INFO] com.vdq.autogpm.MainApp start Application started
2024-07-17 14:40:31 [INFO] com.vdq.autogpm.controller.MainController lambda$selectDropdown$14 Profile ID 11
2024-07-17 14:40:37 [INFO] com.vdq.autogpm.automation.ProfileTask call Bắt đầu khởi chạy profileAir01: alicucanh123@gmail.com
2024-07-17 14:40:37 [INFO] com.vdq.autogpm.service.ProfileService$2 onResponse Opened profile: 2f9c271d-c50a-4253-a547-00df1ef64632
2024-07-17 14:40:37 [INFO] com.vdq.autogpm.automation.ProfileTask call Air01: alicucanh123@gmail.com Running current port: 127.0.0.1:64533
2024-07-17 14:40:37 [INFO] com.vdq.autogpm.automation.ProfileTask call Running current Debugging: F:\GPMLogin\GPMLogin\gpm_browser\gpm_browser_chromium_core_124\gpmdriver.exe
2024-07-17 14:47:24 [INFO] com.vdq.autogpm.controller.MainController lambda$nurtureProfile$10 All profiles have been processed.
2024-07-17 14:58:34 [INFO] com.vdq.autogpm.MainApp start Application started
2024-07-17 14:58:41 [INFO] com.vdq.autogpm.controller.MainController lambda$selectDropdown$14 Profile ID 11
2024-07-17 14:58:48 [INFO] com.vdq.autogpm.automation.ProfileTask call Bắt đầu khởi chạy profileAir02: alikunhan1@gmail.com
2024-07-17 14:58:55 [INFO] com.vdq.autogpm.service.ProfileService$2 onResponse Opened profile: 4b61dd26-9b69-4eda-bb63-a9e42bdfff48
2024-07-17 14:58:55 [INFO] com.vdq.autogpm.automation.ProfileTask call Air02: alikunhan1@gmail.com Running current port: 127.0.0.1:64878
2024-07-17 14:58:55 [INFO] com.vdq.autogpm.automation.ProfileTask call Running current Debugging: F:\GPMLogin\GPMLogin\gpm_browser\gpm_browser_chromium_core_124\gpmdriver.exe
2024-07-17 15:00:56 [INFO] com.vdq.autogpm.controller.MainController lambda$nurtureProfile$10 All profiles have been processed.
2024-07-17 15:01:08 [INFO] com.vdq.autogpm.MainApp start Application started
2024-07-17 15:01:22 [INFO] com.vdq.autogpm.controller.MainController lambda$selectDropdown$14 Profile ID 11
2024-07-17 15:01:29 [INFO] com.vdq.autogpm.automation.ProfileTask call Bắt đầu khởi chạy profileAir02: alikunhan1@gmail.com
2024-07-17 15:01:30 [INFO] com.vdq.autogpm.service.ProfileService$2 onResponse Opened profile: 4b61dd26-9b69-4eda-bb63-a9e42bdfff48
2024-07-17 15:01:30 [INFO] com.vdq.autogpm.automation.ProfileTask call Air02: alikunhan1@gmail.com Running current port: 127.0.0.1:64928
2024-07-17 15:01:30 [INFO] com.vdq.autogpm.automation.ProfileTask call Running current Debugging: F:\GPMLogin\GPMLogin\gpm_browser\gpm_browser_chromium_core_124\gpmdriver.exe
2024-07-17 15:05:27 [INFO] com.vdq.autogpm.util.WaitUtils waitForClickability Element not clickable within the timeout period: By.xpath: //div[@class='w-full']//button[@type='button' and contains(text(),'Preview')]
2024-07-17 15:06:02 [INFO] com.vdq.autogpm.util.WaitUtils waitForClickability Element not clickable within the timeout period: By.xpath: //button[text()='Swap']
2024-07-17 15:08:01 [INFO] com.vdq.autogpm.util.WaitUtils waitForClickability Element not clickable within the timeout period: By.xpath: //div[@class='w-full']//button[@type='button' and contains(text(),'Preview')]
2024-07-17 15:08:36 [INFO] com.vdq.autogpm.util.WaitUtils waitForClickability Element not clickable within the timeout period: By.xpath: //button[text()='Swap']
2024-07-17 15:10:34 [INFO] com.vdq.autogpm.util.WaitUtils waitForClickability Element not clickable within the timeout period: By.xpath: //div[@class='w-full']//button[@type='button' and contains(text(),'Preview')]
2024-07-17 15:11:09 [INFO] com.vdq.autogpm.util.WaitUtils waitForClickability Element not clickable within the timeout period: By.xpath: //button[text()='Swap']
2024-07-17 15:13:07 [INFO] com.vdq.autogpm.util.WaitUtils waitForClickability Element not clickable within the timeout period: By.xpath: //div[@class='w-full']//button[@type='button' and contains(text(),'Preview')]
2024-07-17 15:13:42 [INFO] com.vdq.autogpm.util.WaitUtils waitForClickability Element not clickable within the timeout period: By.xpath: //button[text()='Swap']
2024-07-17 15:15:40 [INFO] com.vdq.autogpm.util.WaitUtils waitForClickability Element not clickable within the timeout period: By.xpath: //div[@class='w-full']//button[@type='button' and contains(text(),'Preview')]
2024-07-17 15:16:15 [INFO] com.vdq.autogpm.util.WaitUtils waitForClickability Element not clickable within the timeout period: By.xpath: //button[text()='Swap']
2024-07-17 15:17:32 [INFO] com.vdq.autogpm.MainApp start Application started
2024-07-17 15:18:11 [INFO] com.vdq.autogpm.controller.MainController lambda$selectDropdown$14 Profile ID 11
2024-07-17 15:18:24 [INFO] com.vdq.autogpm.automation.ProfileTask call Bắt đầu khởi chạy profileAir01: alicucanh123@gmail.com
2024-07-17 15:18:24 [INFO] com.vdq.autogpm.service.ProfileService$2 onResponse Opened profile: 2f9c271d-c50a-4253-a547-00df1ef64632
2024-07-17 15:18:24 [INFO] com.vdq.autogpm.automation.ProfileTask call Air01: alicucanh123@gmail.com Running current port: 127.0.0.1:65152
2024-07-17 15:18:24 [INFO] com.vdq.autogpm.automation.ProfileTask call Running current Debugging: F:\GPMLogin\GPMLogin\gpm_browser\gpm_browser_chromium_core_124\gpmdriver.exe
2024-07-17 15:23:40 [INFO] com.vdq.autogpm.controller.MainController lambda$nurtureProfile$10 All profiles have been processed.
2024-07-17 15:24:48 [INFO] com.vdq.autogpm.MainApp start Application started
2024-07-17 15:25:18 [INFO] com.vdq.autogpm.controller.MainController lambda$selectDropdown$14 Profile ID 11
2024-07-17 15:25:21 [INFO] com.vdq.autogpm.automation.ProfileTask call Bắt đầu khởi chạy profileAir02: alikunhan1@gmail.com
2024-07-17 15:25:21 [INFO] com.vdq.autogpm.service.ProfileService$2 onResponse Opened profile: 4b61dd26-9b69-4eda-bb63-a9e42bdfff48
2024-07-17 15:25:21 [INFO] com.vdq.autogpm.automation.ProfileTask call Air02: alikunhan1@gmail.com Running current port: 127.0.0.1:65354
2024-07-17 15:25:21 [INFO] com.vdq.autogpm.automation.ProfileTask call Running current Debugging: F:\GPMLogin\GPMLogin\gpm_browser\gpm_browser_chromium_core_124\gpmdriver.exe
2024-07-17 15:26:40 [INFO] com.vdq.autogpm.MainApp start Application started
2024-07-17 15:26:57 [INFO] com.vdq.autogpm.controller.MainController lambda$selectDropdown$14 Profile ID 11
2024-07-17 15:27:03 [INFO] com.vdq.autogpm.automation.ProfileTask call Bắt đầu khởi chạy profileAir02: alikunhan1@gmail.com
2024-07-17 15:27:03 [INFO] com.vdq.autogpm.service.ProfileService$2 onResponse Opened profile: 4b61dd26-9b69-4eda-bb63-a9e42bdfff48
2024-07-17 15:27:03 [INFO] com.vdq.autogpm.automation.ProfileTask call Air02: alikunhan1@gmail.com Running current port: 127.0.0.1:65396
2024-07-17 15:27:03 [INFO] com.vdq.autogpm.automation.ProfileTask call Running current Debugging: F:\GPMLogin\GPMLogin\gpm_browser\gpm_browser_chromium_core_124\gpmdriver.exe
2024-07-17 15:27:37 [INFO] com.vdq.autogpm.MainApp start Application started
2024-07-17 15:27:58 [INFO] com.vdq.autogpm.controller.MainController lambda$selectDropdown$14 Profile ID 11
2024-07-17 15:28:11 [INFO] com.vdq.autogpm.automation.ProfileTask call Bắt đầu khởi chạy profileAir02: alikunhan1@gmail.com
2024-07-17 15:28:12 [INFO] com.vdq.autogpm.service.ProfileService$2 onResponse Opened profile: 4b61dd26-9b69-4eda-bb63-a9e42bdfff48
2024-07-17 15:28:12 [INFO] com.vdq.autogpm.automation.ProfileTask call Air02: alikunhan1@gmail.com Running current port: 127.0.0.1:65428
2024-07-17 15:28:12 [INFO] com.vdq.autogpm.automation.ProfileTask call Running current Debugging: F:\GPMLogin\GPMLogin\gpm_browser\gpm_browser_chromium_core_124\gpmdriver.exe
2024-07-17 15:36:56 [INFO] com.vdq.autogpm.controller.MainController lambda$nurtureProfile$10 All profiles have been processed.
